Error: Unable to access jarfile minesweeper-0.0.1-SNAPSHOT.jar

  .   ____          _            __ _ _
 /\\ / ___'_ __ _ _(_)_ __  __ _ \ \ \ \
( ( )\___ | '_ | '_| | '_ \/ _` | \ \ \ \
 \\/  ___)| |_)| | | | | || (_| |  ) ) ) )
  '  |____| .__|_| |_|_| |_\__, | / / / /
 =========|_|==============|___/=/_/_/_/
 :: Spring Boot ::               (v2.7.17)

2023-11-09 14:57:29.273  INFO 65295 --- [           main] c.e.minesweeper.MinesweeperApplication   : Starting MinesweeperApplication using Java 11.0.20.1 on ip-172-31-26-142 with PID 65295 (/var/lib/jenkins/workspace/do/build/libs/minesweeper-0.0.1-SNAPSHOT.jar started by ubuntu in /home/ubuntu)
2023-11-09 14:57:29.281  INFO 65295 --- [           main] c.e.minesweeper.MinesweeperApplication   : No active profile set, falling back to 1 default profile: "default"
2023-11-09 14:57:31.622  INFO 65295 --- [           main] o.s.b.w.embedded.tomcat.TomcatWebServer  : Tomcat initialized with port(s): 9999 (http)
2023-11-09 14:57:31.684  INFO 65295 --- [           main] o.apache.catalina.core.StandardService   : Starting service [Tomcat]
2023-11-09 14:57:31.684  INFO 65295 --- [           main] org.apache.catalina.core.StandardEngine  : Starting Servlet engine: [Apache Tomcat/9.0.82]
2023-11-09 14:57:31.892  INFO 65295 --- [           main] o.a.c.c.C.[Tomcat].[localhost].[/api]    : Initializing Spring embedded WebApplicationContext
2023-11-09 14:57:31.892  INFO 65295 --- [           main] w.s.c.ServletWebServerApplicationContext : Root WebApplicationContext: initialization completed in 2492 ms
2023-11-09 14:57:32.964  INFO 65295 --- [           main] o.s.b.a.w.s.WelcomePageHandlerMapping    : Adding welcome page: class path resource [static/index.html]
2023-11-09 14:57:33.254  INFO 65295 --- [           main] o.s.b.w.embedded.tomcat.TomcatWebServer  : Tomcat started on port(s): 9999 (http) with context path '/api'
2023-11-09 14:57:33.282  INFO 65295 --- [           main] c.e.minesweeper.MinesweeperApplication   : Started MinesweeperApplication in 5.275 seconds (JVM running for 6.312)
2023-11-09 14:57:35.542  INFO 65295 --- [nio-9999-exec-1] o.a.c.c.C.[Tomcat].[localhost].[/api]    : Initializing Spring DispatcherServlet 'dispatcherServlet'
2023-11-09 14:57:35.542  INFO 65295 --- [nio-9999-exec-1] o.s.web.servlet.DispatcherServlet        : Initializing Servlet 'dispatcherServlet'
2023-11-09 14:57:35.546  INFO 65295 --- [nio-9999-exec-1] o.s.web.servlet.DispatcherServlet        : Completed initialization in 4 ms
2023-11-09 14:57:47.704  INFO 65295 --- [nio-9999-exec-8] o.apache.coyote.http11.Http11Processor   : Error parsing HTTP request header
 Note: further occurrences of HTTP request parsing errors will be logged at DEBUG level.

java.lang.IllegalArgumentException: Invalid character found in method name [0x160x030x010x020x000x010x000x010xfc0x030x03l0xc830x100xe9r0xe80xb60x930x9cU7lN0xe80x1d0xe30x12T0xa8c0x060xcc0x8a0x940x8c0xb0u0x090x150xb30x80 ]. HTTP method names must be tokens
	at org.apache.coyote.http11.Http11InputBuffer.parseRequestLine(Http11InputBuffer.java:407) ~[tomcat-embed-core-9.0.82.jar!/:na]
	at org.apache.coyote.http11.Http11Processor.service(Http11Processor.java:263) ~[tomcat-embed-core-9.0.82.jar!/:na]
	at org.apache.coyote.AbstractProcessorLight.process(AbstractProcessorLight.java:63) ~[tomcat-embed-core-9.0.82.jar!/:na]
	at org.apache.coyote.AbstractProtocol$ConnectionHandler.process(AbstractProtocol.java:928) ~[tomcat-embed-core-9.0.82.jar!/:na]
	at org.apache.tomcat.util.net.NioEndpoint$SocketProcessor.doRun(NioEndpoint.java:1794) ~[tomcat-embed-core-9.0.82.jar!/:na]
	at org.apache.tomcat.util.net.SocketProcessorBase.run(SocketProcessorBase.java:52) ~[tomcat-embed-core-9.0.82.jar!/:na]
	at org.apache.tomcat.util.threads.ThreadPoolExecutor.runWorker(ThreadPoolExecutor.java:1191) ~[tomcat-embed-core-9.0.82.jar!/:na]
	at org.apache.tomcat.util.threads.ThreadPoolExecutor$Worker.run(ThreadPoolExecutor.java:659) ~[tomcat-embed-core-9.0.82.jar!/:na]
	at org.apache.tomcat.util.threads.TaskThread$WrappingRunnable.run(TaskThread.java:61) ~[tomcat-embed-core-9.0.82.jar!/:na]
	at java.base/java.lang.Thread.run(Thread.java:829) ~[na:na]


  .   ____          _            __ _ _
 /\\ / ___'_ __ _ _(_)_ __  __ _ \ \ \ \
( ( )\___ | '_ | '_| | '_ \/ _` | \ \ \ \
 \\/  ___)| |_)| | | | | || (_| |  ) ) ) )
  '  |____| .__|_| |_|_| |_\__, | / / / /
 =========|_|==============|___/=/_/_/_/
 :: Spring Boot ::               (v2.7.17)

2023-11-09 14:58:20.960  INFO 65324 --- [           main] c.e.minesweeper.MinesweeperApplication   : Starting MinesweeperApplication using Java 11.0.20.1 on ip-172-31-26-142 with PID 65324 (/var/lib/jenkins/workspace/do/build/libs/minesweeper-0.0.1-SNAPSHOT.jar started by ubuntu in /home/ubuntu)
2023-11-09 14:58:20.965  INFO 65324 --- [           main] c.e.minesweeper.MinesweeperApplication   : No active profile set, falling back to 1 default profile: "default"
2023-11-09 14:58:23.280  INFO 65324 --- [           main] o.s.b.w.embedded.tomcat.TomcatWebServer  : Tomcat initialized with port(s): 9999 (http)
2023-11-09 14:58:23.352  INFO 65324 --- [           main] o.apache.catalina.core.StandardService   : Starting service [Tomcat]
2023-11-09 14:58:23.353  INFO 65324 --- [           main] org.apache.catalina.core.StandardEngine  : Starting Servlet engine: [Apache Tomcat/9.0.82]
2023-11-09 14:58:23.563  INFO 65324 --- [           main] o.a.c.c.C.[Tomcat].[localhost].[/api]    : Initializing Spring embedded WebApplicationContext
2023-11-09 14:58:23.563  INFO 65324 --- [           main] w.s.c.ServletWebServerApplicationContext : Root WebApplicationContext: initialization completed in 2475 ms
2023-11-09 14:58:24.628  INFO 65324 --- [           main] o.s.b.a.w.s.WelcomePageHandlerMapping    : Adding welcome page: class path resource [static/index.html]
2023-11-09 14:58:24.901  WARN 65324 --- [           main] ConfigServletWebServerApplicationContext : Exception encountered during context initialization - cancelling refresh attempt: org.springframework.context.ApplicationContextException: Failed to start bean 'webServerStartStop'; nested exception is org.springframework.boot.web.server.PortInUseException: Port 9999 is already in use
2023-11-09 14:58:24.909  INFO 65324 --- [           main] o.apache.catalina.core.StandardService   : Stopping service [Tomcat]
2023-11-09 14:58:24.945  INFO 65324 --- [           main] ConditionEvaluationReportLoggingListener : 

Error starting ApplicationContext. To display the conditions report re-run your application with 'debug' enabled.
2023-11-09 14:58:25.014 ERROR 65324 --- [           main] o.s.b.d.LoggingFailureAnalysisReporter   : 

***************************
APPLICATION FAILED TO START
***************************

Description:

Web server failed to start. Port 9999 was already in use.

Action:

Identify and stop the process that's listening on port 9999 or configure this application to listen on another port.


  .   ____          _            __ _ _
 /\\ / ___'_ __ _ _(_)_ __  __ _ \ \ \ \
( ( )\___ | '_ | '_| | '_ \/ _` | \ \ \ \
 \\/  ___)| |_)| | | | | || (_| |  ) ) ) )
  '  |____| .__|_| |_|_| |_\__, | / / / /
 =========|_|==============|___/=/_/_/_/
 :: Spring Boot ::               (v2.7.17)

2023-11-09 15:01:29.700  INFO 65857 --- [           main] c.e.minesweeper.MinesweeperApplication   : Starting MinesweeperApplication using Java 11.0.20.1 on ip-172-31-26-142 with PID 65857 (/var/lib/jenkins/workspace/do/build/libs/minesweeper-0.0.1-SNAPSHOT.jar started by ubuntu in /home/ubuntu)
2023-11-09 15:01:29.704  INFO 65857 --- [           main] c.e.minesweeper.MinesweeperApplication   : No active profile set, falling back to 1 default profile: "default"
2023-11-09 15:01:32.186  INFO 65857 --- [           main] o.s.b.w.embedded.tomcat.TomcatWebServer  : Tomcat initialized with port(s): 9999 (http)
2023-11-09 15:01:32.245  INFO 65857 --- [           main] o.apache.catalina.core.StandardService   : Starting service [Tomcat]
2023-11-09 15:01:32.247  INFO 65857 --- [           main] org.apache.catalina.core.StandardEngine  : Starting Servlet engine: [Apache Tomcat/9.0.82]
2023-11-09 15:01:32.515  INFO 65857 --- [           main] o.a.c.c.C.[Tomcat].[localhost].[/api]    : Initializing Spring embedded WebApplicationContext
2023-11-09 15:01:32.515  INFO 65857 --- [           main] w.s.c.ServletWebServerApplicationContext : Root WebApplicationContext: initialization completed in 2668 ms
2023-11-09 15:01:33.582  INFO 65857 --- [           main] o.s.b.a.w.s.WelcomePageHandlerMapping    : Adding welcome page: class path resource [static/index.html]
2023-11-09 15:01:33.943  INFO 65857 --- [           main] o.s.b.w.embedded.tomcat.TomcatWebServer  : Tomcat started on port(s): 9999 (http) with context path '/api'
2023-11-09 15:01:33.975  INFO 65857 --- [           main] c.e.minesweeper.MinesweeperApplication   : Started MinesweeperApplication in 5.7 seconds (JVM running for 6.868)
2023-11-09 15:01:39.221  INFO 65857 --- [nio-9999-exec-1] o.a.c.c.C.[Tomcat].[localhost].[/api]    : Initializing Spring DispatcherServlet 'dispatcherServlet'
2023-11-09 15:01:39.222  INFO 65857 --- [nio-9999-exec-1] o.s.web.servlet.DispatcherServlet        : Initializing Servlet 'dispatcherServlet'
2023-11-09 15:01:39.227  INFO 65857 --- [nio-9999-exec-1] o.s.web.servlet.DispatcherServlet        : Completed initialization in 5 ms
